<?xml version="1.0" encoding="UTF-8"?>
<testsuite xmlns:xsi="http://www.w3.org/2001/XMLSchema-instance" xsi:noNamespaceSchemaLocation="https://maven.apache.org/surefire/maven-surefire-plugin/xsd/surefire-test-report-3.0.xsd" version="3.0" name="com.taskflow.api.controller.TaskControllerTest" time="0.69" tests="3" errors="0" skipped="0" failures="0">
  <properties>
[...]
</properties>
  <testcase name="createTask_returnsCreated" classname="com.taskflow.api.controller.TaskControllerTest" time="0.151">
    <system-out><![CDATA[2026-02-14T11:07:26.190-03:00  INFO 15389 --- [           main] t.c.s.AnnotationConfigContextLoaderUtils : Could not detect default configuration classes for test class [com.taskflow.api.controller.TaskControllerTest]: TaskControllerTest does not declare any static, non-private, non-final, nested classes annotated with @Configuration.
2026-02-14T11:07:26.210-03:00  INFO 15389 --- [           main] .b.t.c.SpringBootTestContextBootstrapper : Found @SpringBootConfiguration com.taskflow.api.TaskflowApiApplication for test class com.taskflow.api.controller.TaskControllerTest

  .   ____          _            __ _ _
 /\\ / ___'_ __ _ _(_)_ __  __ _ \ \ \ \
( ( )\___ | '_ | '_| | '_ \/ _` | \ \ \ \
 \\/  ___)| |_)| | | | | || (_| |  ) ) ) )
  '  |____| .__|_| |_|_| |_\__, | / / / /
 =========|_|==============|___/=/_/_/_/
 :: Spring Boot ::                (v3.2.2)

2026-02-14T11:07:26.258-03:00  INFO 15389 --- [           main] c.t.api.controller.TaskControllerTest    : Starting TaskControllerTest using Java 17.0.18 with PID 15389 (started by leandro in /home/leandro/Documentos/Proyectos/PruebaTecnica_BOXCustodia)
2026-02-14T11:07:26.258-03:00  INFO 15389 --- [           main] c.t.api.controller.TaskControllerTest    : No active profile set, falling back to 1 default profile: "default"
2026-02-14T11:07:26.640-03:00  WARN 15389 --- [           main] .s.s.UserDetailsServiceAutoConfiguration : 

Using generated security password: 001d6464-21fc-4353-9f3d-c54add09cdb0

This generated password is for development use only. Your security configuration must be updated before running your application in production.

2026-02-14T11:07:26.650-03:00  INFO 15389 --- [           main] o.s.s.web.DefaultSecurityFilterChain     : Will secure any request with [org.springframework.security.web.session.DisableEncodeUrlFilter@65ff4b8c, org.springframework.security.web.context.request.async.WebAsyncManagerIntegrationFilter@b81938d, org.springframework.security.web.context.SecurityContextHolderFilter@3a3bc0da, org.springframework.security.web.header.HeaderWriterFilter@3063be68, org.springframework.web.filter.CorsFilter@278cb145, org.springframework.security.web.csrf.CsrfFilter@50e8ed74, org.springframework.security.web.authentication.logout.LogoutFilter@103478b8, org.springframework.security.web.authentication.UsernamePasswordAuthenticationFilter@ab4d2ba, org.springframework.security.web.authentication.ui.DefaultLoginPageGeneratingFilter@215a0264, org.springframework.security.web.authentication.ui.DefaultLogoutPageGeneratingFilter@2aa0feb2, org.springframework.security.web.authentication.www.BasicAuthenticationFilter@39f68aec, org.springframework.security.web.savedrequest.RequestCacheAwareFilter@2d2f09a4, org.springframework.security.web.servletapi.SecurityContextHolderAwareRequestFilter@c677d7e, org.springframework.security.web.authentication.AnonymousAuthenticationFilter@351c6341, org.springframework.security.web.access.ExceptionTranslationFilter@74eab077, org.springframework.security.web.access.intercept.AuthorizationFilter@56b704ea]
2026-02-14T11:07:26.661-03:00  INFO 15389 --- [           main] o.s.b.t.m.w.SpringBootMockServletContext : Initializing Spring TestDispatcherServlet ''
2026-02-14T11:07:26.662-03:00  INFO 15389 --- [           main] o.s.t.web.servlet.TestDispatcherServlet  : Initializing Servlet ''
2026-02-14T11:07:26.663-03:00  INFO 15389 --- [           main] o.s.t.web.servlet.TestDispatcherServlet  : Completed initialization in 1 ms
2026-02-14T11:07:26.673-03:00  INFO 15389 --- [           main] c.t.api.controller.TaskControllerTest    : Started TaskControllerTest in 0.457 seconds (process running for 4.38)
]]></system-out>
  </testcase>
  <testcase name="listTasks_returnsResults" classname="com.taskflow.api.controller.TaskControllerTest" time="0.011"/>
  <testcase name="createTask_validatesBody" classname="com.taskflow.api.controller.TaskControllerTest" time="0.033"/>
</testsuite>